<?xml version="1.0" encoding="UTF-8"?>
<!-- Generated by org.testng.reporters.JUnitReportReporter -->
<testsuite hostname="DESKTOP-5R8SUK7" failures="0" tests="1" name="testng.ngfirst" time="0.012" errors="0" timestamp="2021-06-29T07:06:31 IST" skipped="0">
  <testcase classname="testng.ngfirst" name="run" time="0.012"/>
  <system-out/>
</testsuite> <!-- testng.ngfirst -->
