<?xml version="1.0" encoding="UTF-8"?>
<!-- Generated by org.testng.reporters.JUnitReportReporter -->
<testsuite hostname="DESKTOP-5R8SUK7" failures="0" tests="1" name="Annotations" time="0.007" errors="0" timestamp="2021-06-29T09:40:10 IST" skipped="0">
  <testcase classname="Annotations" name="first" time="0.007"/>
  <system-out/>
</testsuite> <!-- Annotations -->
